#
# There is insufficient memory for the Java Runtime Environment to continue.
# Native memory allocation (mmap) failed to map 536870912 bytes for committing reserved memory.
# Possible reasons:
#   The system is out of physical RAM or swap space
#   The process is running with CompressedOops enabled, and the Java Heap may be blocking the growth of the native heap
# Possible solutions:
#   Reduce memory load on the system
#   Increase physical memory or swap space
#   Check if swap backing store is full
#   Decrease Java heap size (-Xmx/-Xms)
#   Decrease number of Java threads
#   Decrease Java thread stack sizes (-Xss)
#   Set larger code cache with -XX:ReservedCodeCacheSize=
# This output file may be truncated or incomplete.
#
#  Out of Memory Error (os_linux.cpp:2798), pid=10697, tid=0x00007ff2c4f15700
#
# JRE version:  (8.0_282-b08) (build )
# Java VM: OpenJDK 64-Bit Server VM (25.282-b08 mixed mode linux-amd64 compressed oops)
# Failed to write core dump. Core dumps have been disabled. To enable core dumping, try "ulimit -c unlimited" before starting Java again
#

---------------  T H R E A D  ---------------

Current thread (0x00007ff2bc018800):  JavaThread "Unknown thread" [_thread_in_vm, id=10703, stack(0x00007ff2c4e16000,0x00007ff2c4f16000)]

Stack: [0x00007ff2c4e16000,0x00007ff2c4f16000],  sp=0x00007ff2c4f14600,  free space=1017k
Native frames: (J=compiled Java code, j=interpreted, Vv=VM code, C=native code)
V  [libjvm.so+0xb6c322]
V  [libjvm.so+0x4f19d7]
V  [libjvm.so+0x992750]
V  [libjvm.so+0x989e9e]
V  [libjvm.so+0xa11106]
V  [libjvm.so+0xa00ebc]
V  [libjvm.so+0x2bc06e]
V  [libjvm.so+0x9bd921]
V  [libjvm.so+0xb2e4aa]
V  [libjvm.so+0xb2e7a5]
V  [libjvm.so+0x655d6f]
V  [libjvm.so+0xb10959]
V  [libjvm.so+0x73b5df]  JNI_CreateJavaVM+0x5f
C  [libjli.so+0x2d3f]
C  [libjli.so+0x79bd]
C  [libpthread.so.0+0x76db]  start_thread+0xdb


---------------  P R O C E S S  ---------------

Java Threads: ( => current thread )

Other Threads:

=>0x00007ff2bc018800 (exited) JavaThread "Unknown thread" [_thread_in_vm, id=10703, stack(0x00007ff2c4e16000,0x00007ff2c4f16000)]

VM state:not at safepoint (not fully initialized)

VM Mutex/Monitor currently owned by a thread: None

heap address: 0x00000000d0000000, size: 768 MB, Compressed Oops mode: Non-zero based:0x00000000cffff000
Narrow klass base: 0x0000000000000000, Narrow klass shift: 0

GC Heap History (0 events):
No events

Deoptimization events (0 events):
No events

Classes redefined (0 events):
No events

Internal exceptions (0 events):
No events

Events (0 events):
No events


Dynamic libraries:
f0000000-100000000 rw-p 00000000 00:00 0 
5567fe953000-5567fe954000 r-xp 00000000 103:02 7212650                   /usr/lib/jvm/java-8-openjdk-amd64/jre/bin/java
5567feb53000-5567feb54000 r--p 00000000 103:02 7212650                   /usr/lib/jvm/java-8-openjdk-amd64/jre/bin/java
5567feb54000-5567feb55000 rw-p 00001000 103:02 7212650                   /usr/lib/jvm/java-8-openjdk-amd64/jre/bin/java
5567ff8ca000-5567ff8eb000 rw-p 00000000 00:00 0                          [heap]
7ff2ad000000-7ff2ad270000 rwxp 00000000 00:00 0 
7ff2ad270000-7ff2bc000000 ---p 00000000 00:00 0 
7ff2bc000000-7ff2bc040000 rw-p 00000000 00:00 0 
7ff2bc040000-7ff2c0000000 ---p 00000000 00:00 0 
7ff2c0f49000-7ff2c1049000 ---p 00000000 00:00 0 
7ff2c1049000-7ff2c10d4000 rw-p 00000000 00:00 0 
7ff2c10d4000-7ff2c148a000 ---p 00000000 00:00 0 
7ff2c148a000-7ff2c1492000 r-xp 00000000 103:02 7212696                   /usr/lib/jvm/java-8-openjdk-amd64/jre/lib/amd64/libzip.so
7ff2c1492000-7ff2c1691000 ---p 00008000 103:02 7212696                   /usr/lib/jvm/java-8-openjdk-amd64/jre/lib/amd64/libzip.so
7ff2c1691000-7ff2c1692000 r--p 00007000 103:02 7212696                   /usr/lib/jvm/java-8-openjdk-amd64/jre/lib/amd64/libzip.so
7ff2c1692000-7ff2c1693000 rw-p 00008000 103:02 7212696                   /usr/lib/jvm/java-8-openjdk-amd64/jre/lib/amd64/libzip.so
7ff2c1693000-7ff2c169e000 r-xp 00000000 103:02 10092637                  /lib/x86_64-linux-gnu/libnss_files-2.27.so
7ff2c169e000-7ff2c189d000 ---p 0000b000 103:02 10092637                  /lib/x86_64-linux-gnu/libnss_files-2.27.so
7ff2c189d000-7ff2c189e000 r--p 0000a000 103:02 10092637                  /lib/x86_64-linux-gnu/libnss_files-2.27.so
7ff2c189e000-7ff2c189f000 rw-p 0000b000 103:02 10092637                  /lib/x86_64-linux-gnu/libnss_files-2.27.so
7ff2c189f000-7ff2c18a5000 rw-p 00000000 00:00 0 
7ff2c18a5000-7ff2c18bc000 r-xp 00000000 103:02 10092634                  /lib/x86_64-linux-gnu/libnsl-2.27.so
7ff2c18bc000-7ff2c1abb000 ---p 00017000 103:02 10092634                  /lib/x86_64-linux-gnu/libnsl-2.27.so
7ff2c1abb000-7ff2c1abc000 r--p 00016000 103:02 10092634                  /lib/x86_64-linux-gnu/libnsl-2.27.so
7ff2c1abc000-7ff2c1abd000 rw-p 00017000 103:02 10092634                  /lib/x86_64-linux-gnu/libnsl-2.27.so
7ff2c1abd000-7ff2c1abf000 rw-p 00000000 00:00 0 
7ff2c1abf000-7ff2c1aca000 r-xp 00000000 103:02 10092639                  /lib/x86_64-linux-gnu/libnss_nis-2.27.so
7ff2c1aca000-7ff2c1cc9000 ---p 0000b000 103:02 10092639                  /lib/x86_64-linux-gnu/libnss_nis-2.27.so
7ff2c1cc9000-7ff2c1cca000 r--p 0000a000 103:02 10092639                  /lib/x86_64-linux-gnu/libnss_nis-2.27.so
7ff2c1cca000-7ff2c1ccb000 rw-p 0000b000 103:02 10092639                  /lib/x86_64-linux-gnu/libnss_nis-2.27.so
7ff2c1ccb000-7ff2c1cd3000 r-xp 00000000 103:02 10092635                  /lib/x86_64-linux-gnu/libnss_compat-2.27.so
7ff2c1cd3000-7ff2c1ed3000 ---p 00008000 103:02 10092635                  /lib/x86_64-linux-gnu/libnss_compat-2.27.so
7ff2c1ed3000-7ff2c1ed4000 r--p 00008000 103:02 10092635                  /lib/x86_64-linux-gnu/libnss_compat-2.27.so
7ff2c1ed4000-7ff2c1ed5000 rw-p 00009000 103:02 10092635                  /lib/x86_64-linux-gnu/libnss_compat-2.27.so
7ff2c1ed5000-7ff2c1edf000 r-xp 00000000 103:02 7212672                   /usr/lib/jvm/java-8-openjdk-amd64/jre/lib/amd64/libinstrument.so
7ff2c1edf000-7ff2c20de000 ---p 0000a000 103:02 7212672                   /usr/lib/jvm/java-8-openjdk-amd64/jre/lib/amd64/libinstrument.so
7ff2c20de000-7ff2c20df000 r--p 00009000 103:02 7212672                   /usr/lib/jvm/java-8-openjdk-amd64/jre/lib/amd64/libinstrument.so
7ff2c20df000-7ff2c20e0000 rw-p 0000a000 103:02 7212672                   /usr/lib/jvm/java-8-openjdk-amd64/jre/lib/amd64/libinstrument.so
7ff2c20e0000-7ff2c210a000 r-xp 00000000 103:02 7212677                   /usr/lib/jvm/java-8-openjdk-amd64/jre/lib/amd64/libjava.so
7ff2c210a000-7ff2c230a000 ---p 0002a000 103:02 7212677                   /usr/lib/jvm/java-8-openjdk-amd64/jre/lib/amd64/libjava.so
7ff2c230a000-7ff2c230b000 r--p 0002a000 103:02 7212677                   /usr/lib/jvm/java-8-openjdk-amd64/jre/lib/amd64/libjava.so
7ff2c230b000-7ff2c230d000 rw-p 0002b000 103:02 7212677                   /usr/lib/jvm/java-8-openjdk-amd64/jre/lib/amd64/libjava.so
7ff2c230d000-7ff2c231d000 r-xp 00000000 103:02 7212695                   /usr/lib/jvm/java-8-openjdk-amd64/jre/lib/amd64/libverify.so
7ff2c231d000-7ff2c251c000 ---p 00010000 103:02 7212695                   /usr/lib/jvm/java-8-openjdk-amd64/jre/lib/amd64/libverify.so
7ff2c251c000-7ff2c251e000 r--p 0000f000 103:02 7212695                   /usr/lib/jvm/java-8-openjdk-amd64/jre/lib/amd64/libverify.so
7ff2c251e000-7ff2c251f000 rw-p 00011000 103:02 7212695                   /usr/lib/jvm/java-8-openjdk-amd64/jre/lib/amd64/libverify.so
7ff2c251f000-7ff2c2526000 r-xp 00000000 103:02 10097318                  /lib/x86_64-linux-gnu/librt-2.27.so
7ff2c2526000-7ff2c2725000 ---p 00007000 103:02 10097318                  /lib/x86_64-linux-gnu/librt-2.27.so
7ff2c2725000-7ff2c2726000 r--p 00006000 103:02 10097318                  /lib/x86_64-linux-gnu/librt-2.27.so
7ff2c2726000-7ff2c2727000 rw-p 00007000 103:02 10097318                  /lib/x86_64-linux-gnu/librt-2.27.so
7ff2c2727000-7ff2c273e000 r-xp 00000000 103:02 10092550                  /lib/x86_64-linux-gnu/libgcc_s.so.1
7ff2c273e000-7ff2c293d000 ---p 00017000 103:02 10092550                  /lib/x86_64-linux-gnu/libgcc_s.so.1
7ff2c293d000-7ff2c293e000 r--p 00016000 103:02 10092550                  /lib/x86_64-linux-gnu/libgcc_s.so.1
7ff2c293e000-7ff2c293f000 rw-p 00017000 103:02 10092550                  /lib/x86_64-linux-gnu/libgcc_s.so.1
7ff2c293f000-7ff2c2adc000 r-xp 00000000 103:02 10092631                  /lib/x86_64-linux-gnu/libm-2.27.so
7ff2c2adc000-7ff2c2cdb000 ---p 0019d000 103:02 10092631                  /lib/x86_64-linux-gnu/libm-2.27.so
7ff2c2cdb000-7ff2c2cdc000 r--p 0019c000 103:02 10092631                  /lib/x86_64-linux-gnu/libm-2.27.so
7ff2c2cdc000-7ff2c2cdd000 rw-p 0019d000 103:02 10092631                  /lib/x86_64-linux-gnu/libm-2.27.so
7ff2c2cdd000-7ff2c2e56000 r-xp 00000000 103:02 2754721                   /usr/lib/x86_64-linux-gnu/libstdc++.so.6.0.25
7ff2c2e56000-7ff2c3056000 ---p 00179000 103:02 2754721                   /usr/lib/x86_64-linux-gnu/libstdc++.so.6.0.25
7ff2c3056000-7ff2c3060000 r--p 00179000 103:02 2754721                   /usr/lib/x86_64-linux-gnu/libstdc++.so.6.0.25
7ff2c3060000-7ff2c3062000 rw-p 00183000 103:02 2754721                   /usr/lib/x86_64-linux-gnu/libstdc++.so.6.0.25
7ff2c3062000-7ff2c3066000 rw-p 00000000 00:00 0 
7ff2c3066000-7ff2c3dd5000 r-xp 00000000 103:02 7212699                   /usr/lib/jvm/java-8-openjdk-amd64/jre/lib/amd64/server/libjvm.so
7ff2c3dd5000-7ff2c3fd4000 ---p 00d6f000 103:02 7212699                   /usr/lib/jvm/java-8-openjdk-amd64/jre/lib/amd64/server/libjvm.so
7ff2c3fd4000-7ff2c406a000 r--p 00d6e000 103:02 7212699                   /usr/lib/jvm/java-8-openjdk-amd64/jre/lib/amd64/server/libjvm.so
7ff2c406a000-7ff2c4093000 rw-p 00e04000 103:02 7212699                   /usr/lib/jvm/java-8-openjdk-amd64/jre/lib/amd64/server/libjvm.so
7ff2c4093000-7ff2c40c6000 rw-p 00000000 00:00 0 
7ff2c40c6000-7ff2c40e0000 r-xp 00000000 103:02 10097258                  /lib/x86_64-linux-gnu/libpthread-2.27.so
7ff2c40e0000-7ff2c42df000 ---p 0001a000 103:02 10097258                  /lib/x86_64-linux-gnu/libpthread-2.27.so
7ff2c42df000-7ff2c42e0000 r--p 00019000 103:02 10097258                  /lib/x86_64-linux-gnu/libpthread-2.27.so
7ff2c42e0000-7ff2c42e1000 rw-p 0001a000 103:02 10097258                  /lib/x86_64-linux-gnu/libpthread-2.27.so
7ff2c42e1000-7ff2c42e5000 rw-p 00000000 00:00 0 
7ff2c42e5000-7ff2c42e8000 r-xp 00000000 103:02 10092630                  /lib/x86_64-linux-gnu/libdl-2.27.so
7ff2c42e8000-7ff2c44e7000 ---p 00003000 103:02 10092630                  /lib/x86_64-linux-gnu/libdl-2.27.so
7ff2c44e7000-7ff2c44e8000 r--p 00002000 103:02 10092630                  /lib/x86_64-linux-gnu/libdl-2.27.so
7ff2c44e8000-7ff2c44e9000 rw-p 00003000 103:02 10092630                  /lib/x86_64-linux-gnu/libdl-2.27.so
7ff2c44e9000-7ff2c4505000 r-xp 00000000 103:02 10097473                  /lib/x86_64-linux-gnu/libz.so.1.2.11
7ff2c4505000-7ff2c4704000 ---p 0001c000 103:02 10097473                  /lib/x86_64-linux-gnu/libz.so.1.2.11
7ff2c4704000-7ff2c4705000 r--p 0001b000 103:02 10097473                  /lib/x86_64-linux-gnu/libz.so.1.2.11
7ff2c4705000-7ff2c4706000 rw-p 0001c000 103:02 10097473                  /lib/x86_64-linux-gnu/libz.so.1.2.11
7ff2c4706000-7ff2c48ed000 r-xp 00000000 103:02 10092627                  /lib/x86_64-linux-gnu/libc-2.27.so
7ff2c48ed000-7ff2c4aed000 ---p 001e7000 103:02 10092627                  /lib/x86_64-linux-gnu/libc-2.27.so
7ff2c4aed000-7ff2c4af1000 r--p 001e7000 103:02 10092627                  /lib/x86_64-linux-gnu/libc-2.27.so
7ff2c4af1000-7ff2c4af3000 rw-p 001eb000 103:02 10092627                  /lib/x86_64-linux-gnu/libc-2.27.so
7ff2c4af3000-7ff2c4af7000 rw-p 00000000 00:00 0 
7ff2c4af7000-7ff2c4b05000 r-xp 00000000 103:02 7212663                   /usr/lib/jvm/java-8-openjdk-amd64/jre/lib/amd64/jli/libjli.so
7ff2c4b05000-7ff2c4d04000 ---p 0000e000 103:02 7212663                   /usr/lib/jvm/java-8-openjdk-amd64/jre/lib/amd64/jli/libjli.so
7ff2c4d04000-7ff2c4d05000 r--p 0000d000 103:02 7212663                   /usr/lib/jvm/java-8-openjdk-amd64/jre/lib/amd64/jli/libjli.so
7ff2c4d05000-7ff2c4d06000 rw-p 0000e000 103:02 7212663                   /usr/lib/jvm/java-8-openjdk-amd64/jre/lib/amd64/jli/libjli.so
7ff2c4d06000-7ff2c4d2f000 r-xp 00000000 103:02 10092560                  /lib/x86_64-linux-gnu/ld-2.27.so
7ff2c4e15000-7ff2c4e16000 ---p 00000000 00:00 0 
7ff2c4e16000-7ff2c4e19000 ---p 00000000 00:00 0 
7ff2c4e19000-7ff2c4f18000 rw-p 00000000 00:00 0 
7ff2c4f23000-7ff2c4f2b000 rw-s 00000000 103:02 11536870                  /tmp/hsperfdata_vaibhavkaushik/10697
7ff2c4f2b000-7ff2c4f2c000 rw-p 00000000 00:00 0 
7ff2c4f2c000-7ff2c4f2d000 r--p 00000000 00:00 0 
7ff2c4f2d000-7ff2c4f2f000 rw-p 00000000 00:00 0 
7ff2c4f2f000-7ff2c4f30000 r--p 00029000 103:02 10092560                  /lib/x86_64-linux-gnu/ld-2.27.so
7ff2c4f30000-7ff2c4f31000 rw-p 0002a000 103:02 10092560                  /lib/x86_64-linux-gnu/ld-2.27.so
7ff2c4f31000-7ff2c4f32000 rw-p 00000000 00:00 0 
7fff4a48d000-7fff4a4b4000 rw-p 00000000 00:00 0                          [stack]
7fff4a519000-7fff4a51c000 r--p 00000000 00:00 0                          [vvar]
7fff4a51c000-7fff4a51e000 r-xp 00000000 00:00 0                          [vdso]
ffffffffff600000-ffffffffff601000 r-xp 00000000 00:00 0                  [vsyscall]

VM Arguments:
jvm_args: -Dendpoints.shutdown.enabled=true -Denv=development -Dfull.stacktrace=false -Dgrails.env=development -Dgrails.full.stacktrace=false -Dinfo.app.grailsVersion=3.3.9 -Dinfo.app.name=test11 -Dinfo.app.version=0.1 -Djdk.reflect.allowGetCallerClass=true -Drun.active=true -Dspring.output.ansi.enabled=always -Dspring.profiles.active -Dspringloaded=inclusions=grails.plugins..*;synchronize=true;allowSplitPackages=true;cacheDir=/home/vaibhavkaushik/Desktop/test11/build/springloaded -Dverbose=false -XX:+TieredCompilation -XX:TieredStopAtLevel=1 -XX:CICompilerCount=3 -javaagent:/home/vaibhavkaushik/.gradle/caches/modules-2/files-2.1/org.springframework/springloaded/1.2.8.RELEASE/b60bac05b0451cdc1863bfec617f39aa0dcaaa43/springloaded-1.2.8.RELEASE.jar -Xverify:none -Xms768m -Xmx768m -Dfile.encoding=UTF-8 -Duser.country=IN -Duser.language=en -Duser.variant 
java_command: test11.Application
java_class_path (initial): /home/vaibhavkaushik/Desktop/test11/src/main/resources:/home/vaibhavkaushik/Desktop/test11/grails-app/views:/home/vaibhavkaushik/Desktop/test11/grails-app/i18n:/home/vaibhavkaushik/Desktop/test11/grails-app/conf:/home/vaibhavkaushik/Desktop/test11/build/classes/main:/home/vaibhavkaushik/Desktop/test11/build/resources/main:/home/vaibhavkaushik/Desktop/test11/gsp-classes:/home/vaibhavkaushik/Desktop/test11/lib/ojdbc6-12.1.0.2.0.jar:/home/vaibhavkaushik/.gradle/caches/modules-2/files-2.1/org.grails.plugins/grails-console/2.1.1/2cc8dcfe189dab7086fbd9cea3a32f4b374e81e2/grails-console-2.1.1.jar:/home/vaibhavkaushik/.gradle/caches/modules-2/files-2.1/org.springframework.boot/spring-boot-starter-logging/1.5.18.RELEASE/f60df51b2b14ee57db5340cf230ccd8514407017/spring-boot-starter-logging-1.5.18.RELEASE.jar:/home/vaibhavkaushik/.gradle/caches/modules-2/files-2.1/org.springframework.boot/spring-boot-autoconfigure/1.5.18.RELEASE/7951dd1fe36dea4a64db6c2f7e14f0b1e0adb3ea/spring-boot-autoconfigure-1.5.18.RELEASE.jar:/home/vaibhavkaushik/.gradle/caches/modules-2/files-2.1/org.grails/grails-core/3.3.9/51a086528025dc387f0d6ad37d1b1f32d2dd0315/grails-core-3.3.9.jar:/home/vaibhavkaushik/.gradle/caches/modules-2/files-2.1/org.springframework.boot/spring-boot-starter-actuator/1.5.18.RELEASE/c4858eedec690e61e547646ce7ae77e6bdc58c1a/spring-boot-starter-actuator-1.5.18.RELEASE.jar:/home/vaibhavkaushik/.gradle/caches/modules-2/files-2.1/org.springframework.boot/spring-boot-starter-tomcat/1.5.18.RELEASE/a9698317aa43178ae5f09ae015a828f9919a878c/spring-boot-starter-tomcat-1.5.18.RELEASE.jar:/home/vaibhavkaushik/.gradle/caches/modules-2/files-2.1/org.grails/grails-web-boot/3.3.9/11705ab16f846a5c8b62de2fe1c94885e27f0be7/grails-web-boot-3.3.9.jar:/home/vaibhavkaushik/.gradle/caches/modules-2/files-2.1/org.grails/grails-logging/3.3.9/e92409153e4b910a94f7a19dcd5a088c0037473d/grails-logging-3.3.9.jar:/home/vaibhavkaushik/.gradle/caches/modules-2/files-2.1/org.grails/grails
Launcher Type: SUN_STANDARD

Environment Variables:
PATH=/usr/lib/jvm/java-8-openjdk-amd64/bin:/home/vaibhavkaushik/.sdkman/candidates/java/current/bin:/home/vaibhavkaushik/.sdkman/candidates/groovy/current/bin:/home/vaibhavkaushik/.sdkman/candidates/grails/current/bin:/home/vaibhavkaushik/anaconda3/bin:/home/vaibhavkaushik/anaconda3/condabin:/usr/local/sbin:/usr/local/bin:/usr/sbin:/usr/bin:/sbin:/bin:/usr/games:/usr/local/games:/snap/bin
USERNAME=vaibhavkaushik
SHELL=/bin/bash
DISPLAY=:0

Signal Handlers:
SIGSEGV: [libjvm.so+0xb6d980], sa_mask[0]=11111111011111111101111111111110, sa_flags=SA_RESTART|SA_SIGINFO
SIGBUS: [libjvm.so+0xb6d980], sa_mask[0]=11111111011111111101111111111110, sa_flags=SA_RESTART|SA_SIGINFO
SIGFPE: [libjvm.so+0x98d970], sa_mask[0]=11111111011111111101111111111110, sa_flags=SA_RESTART|SA_SIGINFO
SIGPIPE: [libjvm.so+0x98d970], sa_mask[0]=11111111011111111101111111111110, sa_flags=SA_RESTART|SA_SIGINFO
SIGXFSZ: [libjvm.so+0x98d970], sa_mask[0]=11111111011111111101111111111110, sa_flags=SA_RESTART|SA_SIGINFO
SIGILL: [libjvm.so+0x98d970], sa_mask[0]=11111111011111111101111111111110, sa_flags=SA_RESTART|SA_SIGINFO
SIGUSR1: SIG_DFL, sa_mask[0]=00000000000000000000000000000000, sa_flags=none
SIGUSR2: [libjvm.so+0x98d820], sa_mask[0]=00100000000000000000000000000000, sa_flags=SA_RESTART|SA_SIGINFO
SIGHUP: SIG_DFL, sa_mask[0]=00000000000000000000000000000000, sa_flags=none
SIGINT: SIG_DFL, sa_mask[0]=00000000000000000000000000000000, sa_flags=none
SIGTERM: SIG_DFL, sa_mask[0]=00000000000000000000000000000000, sa_flags=none
SIGQUIT: SIG_DFL, sa_mask[0]=00000000000000000000000000000000, sa_flags=none


---------------  S Y S T E M  ---------------

OS:DISTRIB_ID=Ubuntu
DISTRIB_RELEASE=18.04
DISTRIB_CODENAME=bionic
DISTRIB_DESCRIPTION="Ubuntu 18.04.5 LTS"

uname:Linux 4.15.0-136-generic #140-Ubuntu SMP Thu Jan 28 05:20:47 UTC 2021 x86_64
libc:glibc 2.27 NPTL 2.27 
rlimit: STACK 8192k, CORE 0k, NPROC 62467, NOFILE 1048576, AS infinity
load average:2.02 1.53 1.45

/proc/meminfo:
MemTotal:       16092312 kB
MemFree:          179428 kB
MemAvailable:     211668 kB
Buffers:           32808 kB
Cached:           605144 kB
SwapCached:       127176 kB
Active:         14102712 kB
Inactive:        1324732 kB
Active(anon):   13997640 kB
Inactive(anon):  1180904 kB
Active(file):     105072 kB
Inactive(file):   143828 kB
Unevictable:          48 kB
Mlocked:              48 kB
SwapTotal:       2097148 kB
SwapFree:              0 kB
Dirty:              1732 kB
Writeback:             0 kB
AnonPages:      14663508 kB
Mapped:           454196 kB
Shmem:            388228 kB
Slab:             188076 kB
SReclaimable:      79984 kB
SUnreclaim:       108092 kB
KernelStack:       37120 kB
PageTables:       141360 kB
NFS_Unstable:          0 kB
Bounce:                0 kB
WritebackTmp:          0 kB
CommitLimit:    10143304 kB
Committed_AS:   39580384 kB
VmallocTotal:   34359738367 kB
VmallocUsed:           0 kB
VmallocChunk:          0 kB
HardwareCorrupted:     0 kB
AnonHugePages:         0 kB
ShmemHugePages:        0 kB
ShmemPmdMapped:        0 kB
CmaTotal:              0 kB
CmaFree:               0 kB
HugePages_Total:       0
HugePages_Free:        0
HugePages_Rsvd:        0
HugePages_Surp:        0
Hugepagesize:       2048 kB
DirectMap4k:      525728 kB
DirectMap2M:    14870528 kB
DirectMap1G:     1048576 kB

container (cgroup) information:
container_type: cgroupv1
cpu_cpuset_cpus: 0-7
cpu_memory_nodes: 0
active_processor_count: 8
cpu_quota: -1
cpu_period: 100000
cpu_shares: -1
memory_limit_in_bytes: -1
memory_and_swap_limit_in_bytes: -2
memory_soft_limit_in_bytes: -1
memory_usage_in_bytes: 15795154944
memory_max_usage_in_bytes: 2093056


CPU:total 8 (initial active 8) (4 cores per cpu, 2 threads per core) family 6 model 142 stepping 12, cmov, cx8, fxsr, mmx, sse, sse2, sse3, ssse3, sse4.1, sse4.2, popcnt, avx, avx2, aes, clmul, erms, 3dnowpref, lzcnt, ht, tsc, tscinvbit, bmi1, bmi2, adx

/proc/cpuinfo:
processor	: 0
vendor_id	: GenuineIntel
cpu family	: 6
model		: 142
model name	: Intel(R) Core(TM) i5-8265U CPU @ 1.60GHz
stepping	: 12
microcode	: 0xde
cpu MHz		: 2654.366
cache size	: 6144 KB
physical id	: 0
siblings	: 8
core id		: 0
cpu cores	: 4
apicid		: 0
initial apicid	: 0
fpu		: yes
fpu_exception	: yes
cpuid level	: 22
wp		: yes
flags		: fpu vme de pse tsc msr pae mce cx8 apic sep mtrr pge mca cmov pat pse36 clflush dts acpi mmx fxsr sse sse2 ss ht tm pbe syscall nx pdpe1gb rdtscp lm constant_tsc art arch_perfmon pebs bts rep_good nopl xtopology nonstop_tsc cpuid aperfmperf pni pclmulqdq dtes64 monitor ds_cpl vmx est tm2 ssse3 sdbg fma cx16 xtpr pdcm pcid sse4_1 sse4_2 x2apic movbe popcnt tsc_deadline_timer aes xsave avx f16c rdrand lahf_lm abm 3dnowprefetch cpuid_fault epb invpcid_single ssbd ibrs ibpb stibp ibrs_enhanced tpr_shadow vnmi flexpriority ept vpid fsgsbase tsc_adjust bmi1 avx2 smep bmi2 erms invpcid mpx rdseed adx smap clflushopt intel_pt xsaveopt xsavec xgetbv1 xsaves dtherm ida arat pln pts hwp hwp_notify hwp_act_window hwp_epp md_clear flush_l1d arch_capabilities
bugs		: spectre_v1 spectre_v2 spec_store_bypass swapgs itlb_multihit srbds
bogomips	: 3600.00
clflush size	: 64
cache_alignment	: 64
address sizes	: 39 bits physical, 48 bits virtual
power management:

processor	: 1
vendor_id	: GenuineIntel
cpu family	: 6
model		: 142
model name	: Intel(R) Core(TM) i5-8265U CPU @ 1.60GHz
stepping	: 12
microcode	: 0xde
cpu MHz		: 2655.571
cache size	: 6144 KB
physical id	: 0
siblings	: 8
core id		: 1
cpu cores	: 4
apicid		: 2
initial apicid	: 2
fpu		: yes
fpu_exception	: yes
cpuid level	: 22
wp		: yes
flags		: fpu vme de pse tsc msr pae mce cx8 apic sep mtrr pge mca cmov pat pse36 clflush dts acpi mmx fxsr sse sse2 ss ht tm pbe syscall nx pdpe1gb rdtscp lm constant_tsc art arch_perfmon pebs bts rep_good nopl xtopology nonstop_tsc cpuid aperfmperf pni pclmulqdq dtes64 monitor ds_cpl vmx est tm2 ssse3 sdbg fma cx16 xtpr pdcm pcid sse4_1 sse4_2 x2apic movbe popcnt tsc_deadline_timer aes xsave avx f16c rdrand lahf_lm abm 3dnowprefetch cpuid_fault epb invpcid_single ssbd ibrs ibpb stibp ibrs_enhanced tpr_shadow vnmi flexpriority ept vpid fsgsbase tsc_adjust bmi1 avx2 smep bmi2 erms invpcid mpx rdseed adx smap clflushopt intel_pt xsaveopt xsavec xgetbv1 xsaves dtherm ida arat pln pts hwp hwp_notify hwp_act_window hwp_epp md_clear flush_l1d arch_capabilities
bugs		: spectre_v1 spectre_v2 spec_store_bypass swapgs itlb_multihit srbds
bogomips	: 3600.00
clflush size	: 64
cache_alignment	: 64
address sizes	: 39 bits physical, 48 bits virtual
power management:

processor	: 2
vendor_id	: GenuineIntel
cpu family	: 6
model		: 142
model name	: Intel(R) Core(TM) i5-8265U CPU @ 1.60GHz
stepping	: 12
microcode	: 0xde
cpu MHz		: 2656.391
cache size	: 6144 KB
physical id	: 0
siblings	: 8
core id		: 2
cpu cores	: 4
apicid		: 4
initial apicid	: 4
fpu		: yes
fpu_exception	: yes
cpuid level	: 22
wp		: yes
flags		: fpu vme de pse tsc msr pae mce cx8 apic sep mtrr pge mca cmov pat pse36 clflush dts acpi mmx fxsr sse sse2 ss ht tm pbe syscall nx pdpe1gb rdtscp lm constant_tsc art arch_perfmon pebs bts rep_good nopl xtopology nonstop_tsc cpuid aperfmperf pni pclmulqdq dtes64 monitor ds_cpl vmx est tm2 ssse3 sdbg fma cx16 xtpr pdcm pcid sse4_1 sse4_2 x2apic movbe popcnt tsc_deadline_timer aes xsave avx f16c rdrand lahf_lm abm 3dnowprefetch cpuid_fault epb invpcid_single ssbd ibrs ibpb stibp ibrs_enhanced tpr_shadow vnmi flexpriority ept vpid fsgsbase tsc_adjust bmi1 avx2 smep bmi2 erms invpcid mpx rdseed adx smap clflushopt intel_pt xsaveopt xsavec xgetbv1 xsaves dtherm ida arat pln pts hwp hwp_notify hwp_act_window hwp_epp md_clear flush_l1d arch_capabilities
bugs		: spectre_v1 spectre_v2 spec_store_bypass swapgs itlb_multihit srbds
bogomips	: 3600.00
clflush size	: 64
cache_alignment	: 64
address sizes	: 39 bits physical, 48 bits virtual
power management:

processor	: 3
vendor_id	: GenuineIntel
cpu family	: 6
model		: 142
model name	: Intel(R) Core(TM) i5-8265U CPU @ 1.60GHz
stepping	: 12
microcode	: 0xde
cpu MHz		: 2657.219
cache size	: 6144 KB
physical id	: 0
siblings	: 8
core id		: 3
cpu cores	: 4
apicid		: 6
initial apicid	: 6
fpu		: yes
fpu_exception	: yes
cpuid level	: 22
wp		: yes
flags		: fpu vme de pse tsc msr pae mce cx8 apic sep mtrr pge mca cmov pat pse36 clflush dts acpi mmx fxsr sse sse2 ss ht tm pbe syscall nx pdpe1gb rdtscp lm constant_tsc art arch_perfmon pebs bts rep_good nopl xtopology nonstop_tsc cpuid aperfmperf pni pclmulqdq dtes64 monitor ds_cpl vmx est tm2 ssse3 sdbg fma cx16 xtpr pdcm pcid sse4_1 sse4_2 x2apic movbe popcnt tsc_deadline_timer aes xsave avx f16c rdrand lahf_lm abm 3dnowprefetch cpuid_fault epb invpcid_single ssbd ibrs ibpb stibp ibrs_enhanced tpr_shadow vnmi flexpriority ept vpid fsgsbase tsc_adjust bmi1 avx2 smep bmi2 erms invpcid mpx rdseed adx smap clflushopt intel_pt xsaveopt xsavec xgetbv1 xsaves dtherm ida arat pln pts hwp hwp_notify hwp_act_window hwp_epp md_clear flush_l1d arch_capabilities
bugs		: spectre_v1 spectre_v2 spec_store_bypass swapgs itlb_multihit srbds
bogomips	: 3600.00
clflush size	: 64
cache_alignment	: 64
address sizes	: 39 bits physical, 48 bits virtual
power management:

processor	: 4
vendor_id	: GenuineIntel
cpu family	: 6
model		: 142
model name	: Intel(R) Core(TM) i5-8265U CPU @ 1.60GHz
stepping	: 12
microcode	: 0xde
cpu MHz		: 2658.146
cache size	: 6144 KB
physical id	: 0
siblings	: 8
core id		: 0
cpu cores	: 4
apicid		: 1
initial apicid	: 1
fpu		: yes
fpu_exception	: yes
cpuid level	: 22
wp		: yes
flags		: fpu vme de pse tsc msr pae mce cx8 apic sep mtrr pge mca cmov pat pse36 clflush dts acpi mmx fxsr sse sse2 ss ht tm pbe syscall nx pdpe1gb rdtscp lm constant_tsc art arch_perfmon pebs bts rep_good nopl xtopology nonstop_tsc cpuid aperfmperf pni pclmulqdq dtes64 monitor ds_cpl vmx est tm2 ssse3 sdbg fma cx16 xtpr pdcm pcid sse4_1 sse4_2 x2apic movbe popcnt tsc_deadline_timer aes xsave avx f16c rdrand lahf_lm abm 3dnowprefetch cpuid_fault epb invpcid_single ssbd ibrs ibpb stibp ibrs_enhanced tpr_shadow vnmi flexpriority ept vpid fsgsbase tsc_adjust bmi1 avx2 smep bmi2 erms invpcid mpx rdseed adx smap clflushopt intel_pt xsaveopt xsavec xgetbv1 xsaves dtherm ida arat pln pts hwp hwp_notify hwp_act_window hwp_epp md_clear flush_l1d arch_capabilities
bugs		: spectre_v1 spectre_v2 spec_store_bypass swapgs itlb_multihit srbds
bogomips	: 3600.00
clflush size	: 64
cache_alignment	: 64
address sizes	: 39 bits physical, 48 bits virtual
power management:

processor	: 5
vendor_id	: GenuineIntel
cpu family	: 6
model		: 142
model name	: Intel(R) Core(TM) i5-8265U CPU @ 1.60GHz
stepping	: 12
microcode	: 0xde
cpu MHz		: 2659.118
cache size	: 6144 KB
physical id	: 0
siblings	: 8
core id		: 1
cpu cores	: 4
apicid		: 3
initial apicid	: 3
fpu		: yes
fpu_exception	: yes
cpuid level	: 22
wp		: yes
flags		: fpu vme de pse tsc msr pae mce cx8 apic sep mtrr pge mca cmov pat pse36 clflush dts acpi mmx fxsr sse sse2 ss ht tm pbe syscall nx pdpe1gb rdtscp lm constant_tsc art arch_perfmon pebs bts rep_good nopl xtopology nonstop_tsc cpuid aperfmperf pni pclmulqdq dtes64 monitor ds_cpl vmx est tm2 ssse3 sdbg fma cx16 xtpr pdcm pcid sse4_1 sse4_2 x2apic movbe popcnt tsc_deadline_timer aes xsave avx f16c rdrand lahf_lm abm 3dnowprefetch cpuid_fault epb invpcid_single ssbd ibrs ibpb stibp ibrs_enhanced tpr_shadow vnmi flexpriority ept vpid fsgsbase tsc_adjust bmi1 avx2 smep bmi2 erms invpcid mpx rdseed adx smap clflushopt intel_pt xsaveopt xsavec xgetbv1 xsaves dtherm ida arat pln pts hwp hwp_notify hwp_act_window hwp_epp md_clear flush_l1d arch_capabilities
bugs		: spectre_v1 spectre_v2 spec_store_bypass swapgs itlb_multihit srbds
bogomips	: 3600.00
clflush size	: 64
cache_alignment	: 64
address sizes	: 39 bits physical, 48 bits virtual
power management:

processor	: 6
vendor_id	: GenuineIntel
cpu family	: 6
model		: 142
model name	: Intel(R) Core(TM) i5-8265U CPU @ 1.60GHz
stepping	: 12
microcode	: 0xde
cpu MHz		: 2660.017
cache size	: 6144 KB
physical id	: 0
siblings	: 8
core id		: 2
cpu cores	: 4
apicid		: 5
initial apicid	: 5
fpu		: yes
fpu_exception	: yes
cpuid level	: 22
wp		: yes
flags		: fpu vme de pse tsc msr pae mce cx8 apic sep mtrr pge mca cmov pat pse36 clflush dts acpi mmx fxsr sse sse2 ss ht tm pbe syscall nx pdpe1gb rdtscp lm constant_tsc art arch_perfmon pebs bts rep_good nopl xtopology nonstop_tsc cpuid aperfmperf pni pclmulqdq dtes64 monitor ds_cpl vmx est tm2 ssse3 sdbg fma cx16 xtpr pdcm pcid sse4_1 sse4_2 x2apic movbe popcnt tsc_deadline_timer aes xsave avx f16c rdrand lahf_lm abm 3dnowprefetch cpuid_fault epb invpcid_single ssbd ibrs ibpb stibp ibrs_enhanced tpr_shadow vnmi flexpriority ept vpid fsgsbase tsc_adjust bmi1 avx2 smep bmi2 erms invpcid mpx rdseed adx smap clflushopt intel_pt xsaveopt xsavec xgetbv1 xsaves dtherm ida arat pln pts hwp hwp_notify hwp_act_window hwp_epp md_clear flush_l1d arch_capabilities
bugs		: spectre_v1 spectre_v2 spec_store_bypass swapgs itlb_multihit srbds
bogomips	: 3600.00
clflush size	: 64
cache_alignment	: 64
address sizes	: 39 bits physical, 48 bits virtual
power management:

processor	: 7
vendor_id	: GenuineIntel
cpu family	: 6
model		: 142
model name	: Intel(R) Core(TM) i5-8265U CPU @ 1.60GHz
stepping	: 12
microcode	: 0xde
cpu MHz		: 2660.982
cache size	: 6144 KB
physical id	: 0
siblings	: 8
core id		: 3
cpu cores	: 4
apicid		: 7
initial apicid	: 7
fpu		: yes
fpu_exception	: yes
cpuid level	: 22
wp		: yes
flags		: fpu vme de pse tsc msr pae mce cx8 apic sep mtrr pge mca cmov pat pse36 clflush dts acpi mmx fxsr sse sse2 ss ht tm pbe syscall nx pdpe1gb rdtscp lm constant_tsc art arch_perfmon pebs bts rep_good nopl xtopology nonstop_tsc cpuid aperfmperf pni pclmulqdq dtes64 monitor ds_cpl vmx est tm2 ssse3 sdbg fma cx16 xtpr pdcm pcid sse4_1 sse4_2 x2apic movbe popcnt tsc_deadline_timer aes xsave avx f16c rdrand lahf_lm abm 3dnowprefetch cpuid_fault epb invpcid_single ssbd ibrs ibpb stibp ibrs_enhanced tpr_shadow vnmi flexpriority ept vpid fsgsbase tsc_adjust bmi1 avx2 smep bmi2 erms invpcid mpx rdseed adx smap clflushopt intel_pt xsaveopt xsavec xgetbv1 xsaves dtherm ida arat pln pts hwp hwp_notify hwp_act_window hwp_epp md_clear flush_l1d arch_capabilities
bugs		: spectre_v1 spectre_v2 spec_store_bypass swapgs itlb_multihit srbds
bogomips	: 3600.00
clflush size	: 64
cache_alignment	: 64
address sizes	: 39 bits physical, 48 bits virtual
power management:



Memory: 4k page, physical 16092312k(179352k free), swap 2097148k(0k free)

vm_info: OpenJDK 64-Bit Server VM (25.282-b08) for linux-amd64 JRE (1.8.0_282-8u282-b08-0ubuntu1~18.04-b08), built on Jan 20 2021 03:59:41 by "buildd" with gcc 7.5.0

time: Tue Mar  9 12:10:21 2021
timezone: IST
elapsed time: 0.068660 seconds (0d 0h 0m 0s)

